PLINK v1.9.0-b.7.7 64-bit (22 Oct 2024)
Options in effect:
  --assoc qt-means
  --bfile qc_data\indian_s2_mind
  --extract ml_results\indian_selected_snps_rf.txt
  --out gwas_results\gwas_ml_selected_indian
  --pheno prepared_data\indian_pheno.txt
  --pheno-name Cholesterol

Hostname: DESKTOP-AK0KDDK
Working directory: C:\Users\thenu\Desktop\Git\Search-Space-Reduction-in-GWAS---ML
Start time: Mon May 19 21:50:58 2025

Random number seed: 1747671658
16110 MB RAM detected; reserving 8055 MB for main workspace.
1227111 variants loaded from .bim file.
103 people (37 males, 66 females) loaded from .fam.
103 phenotype values present after --pheno.
--extract: 500 variants remaining.
Using 1 thread (no multithreaded calculations invoked).
Before main variant filters, 103 founders and 0 nonfounders present.
Calculating allele frequencies... done.
Total genotyping rate is 0.998583.
500 variants and 103 people pass filters and QC.
Phenotype data is quantitative.
Writing QT --assoc report to gwas_results\gwas_ml_selected_indian.qassoc ...
done.
QT means report saved to gwas_results\gwas_ml_selected_indian.qassoc.means .

End time: Mon May 19 21:50:59 2025
