PLINK v1.9.0-b.7.7 64-bit (22 Oct 2024)
Options in effect:
  --assoc qt-means
  --bfile qc_data\malay_s2_mind
  --extract ml_results\malay_selected_snps_rf.txt
  --out gwas_results\gwas_ml_selected_malay
  --pheno prepared_data\malay_pheno.txt
  --pheno-name Cholesterol

Hostname: DESKTOP-AK0KDDK
Working directory: C:\Users\thenu\Desktop\Git\Search-Space-Reduction-in-GWAS---ML
Start time: Mon May 19 21:50:57 2025

Random number seed: 1747671657
16110 MB RAM detected; reserving 8055 MB for main workspace.
1141308 variants loaded from .bim file.
106 people (37 males, 69 females) loaded from .fam.
106 phenotype values present after --pheno.
--extract: 500 variants remaining.
Using 1 thread (no multithreaded calculations invoked).
Before main variant filters, 106 founders and 0 nonfounders present.
Calculating allele frequencies... done.
Total genotyping rate is 0.998943.
500 variants and 106 people pass filters and QC.
Phenotype data is quantitative.
Writing QT --assoc report to gwas_results\gwas_ml_selected_malay.qassoc ...
done.
QT means report saved to gwas_results\gwas_ml_selected_malay.qassoc.means .

End time: Mon May 19 21:50:58 2025
