PLINK v1.9.0-b.7.7 64-bit (22 Oct 2024)
Options in effect:
  --bfile qc_data\chinese_s3_ldpruned_final
  --out ml_results\chinese_for_ml
  --pheno prepared_data\chinese_pheno.txt
  --pheno-name Cholesterol
  --recode A

Hostname: DESKTOP-AK0KDDK
Working directory: C:\Users\thenu\Desktop\Git\Search-Space-Reduction-in-GWAS---ML
Start time: Mon May 19 21:43:07 2025

Random number seed: 1747671187
16110 MB RAM detected; reserving 8055 MB for main workspace.
151282 variants loaded from .bim file.
110 people (44 males, 66 females) loaded from .fam.
110 phenotype values present after --pheno.
Using 1 thread (no multithreaded calculations invoked).
Before main variant filters, 110 founders and 0 nonfounders present.
Calculating allele frequencies... done.
Total genotyping rate is 0.998558.
151282 variants and 110 people pass filters and QC.
Phenotype data is quantitative.
--recode A to ml_results\chinese_for_ml.raw ... done.

End time: Mon May 19 21:43:07 2025
