PLINK v1.9.0-b.7.7 64-bit (22 Oct 2024)
Options in effect:
  --bfile public\Genomics\110Chinese_2527458snps
  --keep qc_data\chinese_pheno_samples.txt
  --make-bed
  --out qc_data\chinese_s0_raw

Hostname: DESKTOP-AK0KDDK
Working directory: C:\Users\thenu\Desktop\Git\Search-Space-Reduction-in-GWAS---ML
Start time: Mon May 19 21:23:32 2025

Random number seed: 1747670012
16110 MB RAM detected; reserving 8055 MB for main workspace.
2527458 variants loaded from .bim file.
110 people (44 males, 66 females) loaded from .fam.
--keep: 110 people remaining.
Using 1 thread (no multithreaded calculations invoked).
Before main variant filters, 110 founders and 0 nonfounders present.
Calculating allele frequencies... done.
Total genotyping rate is 0.999006.
2527458 variants and 110 people pass filters and QC.
Note: No phenotypes present.
--make-bed to qc_data\chinese_s0_raw.bed + qc_data\chinese_s0_raw.bim +
qc_data\chinese_s0_raw.fam ... done.

End time: Mon May 19 21:23:34 2025
