PLINK v1.9.0-b.7.7 64-bit (22 Oct 2024)
Options in effect:
  --bfile qc_data\indian_s2_mind
  --extract qc_data\indian_s3_ldprune.prune.in
  --make-bed
  --out qc_data\indian_s3_ldpruned_final

Hostname: DESKTOP-AK0KDDK
Working directory: C:\Users\thenu\Desktop\Git\Search-Space-Reduction-in-GWAS---ML
Start time: Mon May 19 21:41:58 2025

Random number seed: 1747671118
16110 MB RAM detected; reserving 8055 MB for main workspace.
1227111 variants loaded from .bim file.
103 people (37 males, 66 females) loaded from .fam.
--extract: 178227 variants remaining.
Using 1 thread (no multithreaded calculations invoked).
Before main variant filters, 103 founders and 0 nonfounders present.
Calculating allele frequencies... done.
Total genotyping rate is 0.998897.
178227 variants and 103 people pass filters and QC.
Note: No phenotypes present.
--make-bed to qc_data\indian_s3_ldpruned_final.bed +
qc_data\indian_s3_ldpruned_final.bim + qc_data\indian_s3_ldpruned_final.fam ...
done.

End time: Mon May 19 21:41:59 2025
