PLINK v1.9.0-b.7.7 64-bit (22 Oct 2024)
Options in effect:
  --bfile qc_data\indian_s1_maf_hwe_geno
  --make-bed
  --mind 0.1
  --out qc_data\indian_s2_mind

Hostname: DESKTOP-AK0KDDK
Working directory: C:\Users\thenu\Desktop\Git\Search-Space-Reduction-in-GWAS---ML
Start time: Mon May 19 21:23:56 2025

Random number seed: 1747670036
16110 MB RAM detected; reserving 8055 MB for main workspace.
1227111 variants loaded from .bim file.
103 people (37 males, 66 females) loaded from .fam.
0 people removed due to missing genotype data (--mind).
Using 1 thread (no multithreaded calculations invoked).
Before main variant filters, 103 founders and 0 nonfounders present.
Calculating allele frequencies... done.
Total genotyping rate is 0.999006.
1227111 variants and 103 people pass filters and QC.
Note: No phenotypes present.
--make-bed to qc_data\indian_s2_mind.bed + qc_data\indian_s2_mind.bim +
qc_data\indian_s2_mind.fam ... done.

End time: Mon May 19 21:23:57 2025
