PLINK v1.9.0-b.7.7 64-bit (22 Oct 2024)
Options in effect:
  --bfile qc_data\indian_s0_raw
  --geno 0.1
  --hwe 1e-06 midp
  --maf 0.05
  --make-bed
  --out qc_data\indian_s1_maf_hwe_geno

Hostname: DESKTOP-AK0KDDK
Working directory: C:\Users\thenu\Desktop\Git\Search-Space-Reduction-in-GWAS---ML
Start time: Mon May 19 21:23:53 2025

Random number seed: 1747670033
16110 MB RAM detected; reserving 8055 MB for main workspace.
2527458 variants loaded from .bim file.
103 people (37 males, 66 females) loaded from .fam.
Using 1 thread (no multithreaded calculations invoked).
Before main variant filters, 103 founders and 0 nonfounders present.
Calculating allele frequencies... done.
Total genotyping rate is 0.999204.
0 variants removed due to missing genotype data (--geno).
--hwe: 0 variants removed due to Hardy-Weinberg exact test.
1300347 variants removed due to minor allele threshold(s)
(--maf/--max-maf/--mac/--max-mac).
1227111 variants and 103 people pass filters and QC.
Note: No phenotypes present.
--make-bed to qc_data\indian_s1_maf_hwe_geno.bed +
qc_data\indian_s1_maf_hwe_geno.bim + qc_data\indian_s1_maf_hwe_geno.fam ...
done.

End time: Mon May 19 21:23:56 2025
